{"meta": {"format": 3, "version": "7.8.2", "timestamp": "2025-05-30T13:19:43.736179", "branch_coverage": false, "show_contexts": false}, "files": {"reminder.py": {"executed_lines": [1, 2, 3, 4, 5, 6, 9, 10, 11, 12, 13, 16, 17, 18, 23, 24, 27, 36, 37, 38, 39, 40, 43, 44, 45, 46, 49, 62, 63, 67, 68, 69, 70, 84, 85, 97, 98, 99, 110, 111, 112, 123, 124, 125, 126, 128], "summary": {"covered_lines": 46, "num_statements": 93, "percent_covered": 49.46236559139785, "percent_covered_display": "49", "missing_lines": 47, "excluded_lines": 0}, "missing_lines": [19, 20, 28, 29, 30, 31, 33, 50, 51, 52, 53, 54, 55, 56, 57, 58, 59, 64, 72, 73, 74, 75, 76, 77, 78, 80, 81, 87, 88, 89, 90, 91, 92, 94, 101, 102, 103, 104, 106, 107, 114, 115, 116, 117, 119, 120, 129], "excluded_lines": [], "functions": {"_get_task_list": {"executed_lines": [17, 18], "summary": {"covered_lines": 2, "num_statements": 4, "percent_covered": 50.0, "percent_covered_display": "50", "missing_lines": 2, "excluded_lines": 0}, "missing_lines": [19, 20], "excluded_lines": []}, "_save_task_list": {"executed_lines": [24], "summary": {"covered_lines": 1, "num_statements": 1, "percent_covered": 100.0, "percent_covered_display": "100", "missing_lines": 0, "excluded_lines": 0}, "missing_lines": [], "excluded_lines": []}, "_overdue": {"executed_lines": [], "summary": {"covered_lines": 0, "num_statements": 5, "percent_covered": 0.0, "percent_covered_display": "0", "missing_lines": 5, "excluded_lines": 0}, "missing_lines": [28, 29, 30, 31, 33], "excluded_lines": []}, "_to_date": {"executed_lines": [37, 38, 39, 40], "summary": {"covered_lines": 4, "num_statements": 4, "percent_covered": 100.0, "percent_covered_display": "100", "missing_lines": 0, "excluded_lines": 0}, "missing_lines": [], "excluded_lines": []}, "_find_task": {"executed_lines": [44, 45, 46], "summary": {"covered_lines": 3, "num_statements": 3, "percent_covered": 100.0, "percent_covered_display": "100", "missing_lines": 0, "excluded_lines": 0}, "missing_lines": [], "excluded_lines": []}, "_find_match": {"executed_lines": [], "summary": {"covered_lines": 0, "num_statements": 10, "percent_covered": 0.0, "percent_covered_display": "0", "missing_lines": 10, "excluded_lines": 0}, "missing_lines": [50, 51, 52, 53, 54, 55, 56, 57, 58, 59], "excluded_lines": []}, "app": {"executed_lines": [], "summary": {"covered_lines": 0, "num_statements": 1, "percent_covered": 0.0, "percent_covered_display": "0", "missing_lines": 1, "excluded_lines": 0}, "missing_lines": [64], "excluded_lines": []}, "add": {"executed_lines": [], "summary": {"covered_lines": 0, "num_statements": 9, "percent_covered": 0.0, "percent_covered_display": "0", "missing_lines": 9, "excluded_lines": 0}, "missing_lines": [72, 73, 74, 75, 76, 77, 78, 80, 81], "excluded_lines": []}, "list": {"executed_lines": [], "summary": {"covered_lines": 0, "num_statements": 7, "percent_covered": 0.0, "percent_covered_display": "0", "missing_lines": 7, "excluded_lines": 0}, "missing_lines": [87, 88, 89, 90, 91, 92, 94], "excluded_lines": []}, "remove": {"executed_lines": [], "summary": {"covered_lines": 0, "num_statements": 6, "percent_covered": 0.0, "percent_covered_display": "0", "missing_lines": 6, "excluded_lines": 0}, "missing_lines": [101, 102, 103, 104, 106, 107], "excluded_lines": []}, "done": {"executed_lines": [], "summary": {"covered_lines": 0, "num_statements": 6, "percent_covered": 0.0, "percent_covered_display": "0", "missing_lines": 6, "excluded_lines": 0}, "missing_lines": [114, 115, 116, 117, 119, 120], "excluded_lines": []}, "": {"executed_lines": [1, 2, 3, 4, 5, 6, 9, 10, 11, 12, 13, 16, 23, 27, 36, 43, 49, 62, 63, 67, 68, 69, 70, 84, 85, 97, 98, 99, 110, 111, 112, 123, 124, 125, 126, 128], "summary": {"covered_lines": 36, "num_statements": 37, "percent_covered": 97.29729729729729, "percent_covered_display": "97", "missing_lines": 1, "excluded_lines": 0}, "missing_lines": [129], "excluded_lines": []}}, "classes": {"Task": {"executed_lines": [], "summary": {"covered_lines": 0, "num_statements": 0, "percent_covered": 100.0, "percent_covered_display": "100", "missing_lines": 0, "excluded_lines": 0}, "missing_lines": [], "excluded_lines": []}, "": {"executed_lines": [1, 2, 3, 4, 5, 6, 9, 10, 11, 12, 13, 16, 17, 18, 23, 24, 27, 36, 37, 38, 39, 40, 43, 44, 45, 46, 49, 62, 63, 67, 68, 69, 70, 84, 85, 97, 98, 99, 110, 111, 112, 123, 124, 125, 126, 128], "summary": {"covered_lines": 46, "num_statements": 93, "percent_covered": 49.46236559139785, "percent_covered_display": "49", "missing_lines": 47, "excluded_lines": 0}, "missing_lines": [19, 20, 28, 29, 30, 31, 33, 50, 51, 52, 53, 54, 55, 56, 57, 58, 59, 64, 72, 73, 74, 75, 76, 77, 78, 80, 81, 87, 88, 89, 90, 91, 92, 94, 101, 102, 103, 104, 106, 107, 114, 115, 116, 117, 119, 120, 129], "excluded_lines": []}}}}, "totals": {"covered_lines": 46, "num_statements": 93, "percent_covered": 49.46236559139785, "percent_covered_display": "49", "missing_lines": 47, "excluded_lines": 0}}